TN:
SF:src/constants/routes.js
FN:13,(anonymous_0)
FNF:1
FNH:1
FNDA:34,(anonymous_0)
DA:6,6
DA:13,6
DA:14,34
DA:16,7
DA:18,10
DA:20,4
DA:22,12
DA:24,1
LF:8
LH:8
BRDA:14,0,0,7
BRDA:14,0,1,10
BRDA:14,0,2,4
BRDA:14,0,3,12
BRDA:14,0,4,1
BRF:5
BRH:5
end_of_record
TN:
SF:src/constants/usersTest.js
FNF:0
FNH:0
LF:0
LH:0
BRF:0
BRH:0
end_of_record
TN:
SF:src/containers/Bills.js
FN:6,(anonymous_0)
FN:13,(anonymous_1)
FN:14,(anonymous_2)
FN:19,(anonymous_3)
FN:23,(anonymous_4)
FN:34,(anonymous_5)
FN:40,(anonymous_6)
FN:41,(anonymous_7)
FN:44,(anonymous_8)
FNF:9
FNH:9
FNDA:4,(anonymous_0)
FNDA:8,(anonymous_1)
FNDA:1,(anonymous_2)
FNDA:3,(anonymous_3)
FNDA:1,(anonymous_4)
FNDA:2,(anonymous_5)
FNDA:1,(anonymous_6)
FNDA:6,(anonymous_7)
FNDA:4,(anonymous_8)
DA:7,4
DA:8,4
DA:9,4
DA:10,4
DA:11,4
DA:12,4
DA:13,4
DA:14,8
DA:16,4
DA:19,4
DA:20,3
DA:23,4
DA:24,1
DA:25,1
DA:26,1
DA:27,1
DA:34,4
DA:35,2
DA:36,2
DA:41,6
DA:42,1
DA:45,4
DA:46,4
DA:54,0
DA:55,0
DA:62,1
DA:63,1
LF:27
LH:25
BRDA:11,0,0,2
BRDA:11,0,1,2
BRDA:13,1,0,4
BRDA:13,1,1,0
BRDA:35,2,0,2
BRDA:35,2,1,0
BRDA:41,3,0,3
BRDA:41,3,1,3
BRDA:41,4,0,3
BRDA:41,4,1,0
BRF:10
BRH:7
end_of_record
TN:
SF:src/containers/Dashboard.js
FN:8,(anonymous_0)
FN:10,(anonymous_1)
FN:30,(anonymous_2)
FN:55,(anonymous_3)
FN:56,(anonymous_4)
FN:59,(anonymous_5)
FN:71,(anonymous_6)
FN:75,(anonymous_7)
FN:76,(anonymous_8)
FN:77,(anonymous_9)
FN:81,(anonymous_10)
FN:88,(anonymous_11)
FN:93,(anonymous_12)
FN:110,(anonymous_13)
FN:111,(anonymous_14)
FN:114,(anonymous_15)
FN:124,(anonymous_16)
FN:134,(anonymous_17)
FN:152,(anonymous_18)
FN:154,(anonymous_19)
FN:166,(anonymous_20)
FN:171,(anonymous_21)
FN:173,(anonymous_22)
FN:181,(anonymous_23)
FNF:24
FNH:19
FNDA:49,(anonymous_0)
FNDA:124,(anonymous_1)
FNDA:6,(anonymous_2)
FNDA:6,(anonymous_3)
FNDA:6,(anonymous_4)
FNDA:10,(anonymous_5)
FNDA:14,(anonymous_6)
FNDA:0,(anonymous_7)
FNDA:0,(anonymous_8)
FNDA:0,(anonymous_9)
FNDA:1,(anonymous_10)
FNDA:3,(anonymous_11)
FNDA:8,(anonymous_12)
FNDA:0,(anonymous_13)
FNDA:0,(anonymous_14)
FNDA:1,(anonymous_15)
FNDA:1,(anonymous_16)
FNDA:5,(anonymous_17)
FNDA:20,(anonymous_18)
FNDA:3,(anonymous_19)
FNDA:5,(anonymous_20)
FNDA:3,(anonymous_21)
FNDA:12,(anonymous_22)
FNDA:2,(anonymous_23)
DA:8,6
DA:9,49
DA:14,124
DA:15,124
DA:20,0
DA:21,0
DA:26,124
DA:30,6
DA:31,6
DA:32,6
DA:34,6
DA:37,6
DA:55,6
DA:56,6
DA:59,6
DA:60,10
DA:62,6
DA:64,2
DA:66,2
DA:72,14
DA:73,14
DA:74,14
DA:75,14
DA:76,14
DA:77,14
DA:78,14
DA:81,14
DA:82,1
DA:83,1
DA:84,1
DA:85,1
DA:89,3
DA:90,3
DA:91,3
DA:92,3
DA:93,2
DA:94,8
DA:96,2
DA:97,2
DA:98,2
DA:99,2
DA:101,1
DA:103,1
DA:106,1
DA:107,1
DA:109,3
DA:110,3
DA:111,3
DA:114,14
DA:115,1
DA:120,1
DA:121,1
DA:124,14
DA:125,1
DA:130,1
DA:131,1
DA:135,5
DA:136,5
DA:137,5
DA:138,5
DA:139,5
DA:140,5
DA:142,5
DA:144,0
DA:145,0
DA:147,0
DA:150,5
DA:151,5
DA:152,5
DA:153,20
DA:154,9
DA:155,3
DA:156,3
DA:166,14
DA:167,5
DA:168,5
DA:172,3
DA:173,12
DA:179,3
DA:182,2
LF:80
LH:75
BRDA:9,0,0,31
BRDA:9,0,1,18
BRDA:9,1,0,49
BRDA:9,1,1,31
BRDA:14,2,0,124
BRDA:14,2,1,0
BRDA:22,3,0,0
BRDA:22,3,1,0
BRDA:32,4,0,0
BRDA:32,4,1,6
BRDA:34,5,0,0
BRDA:34,5,1,6
BRDA:56,6,0,5
BRDA:56,6,1,1
BRDA:56,7,0,6
BRDA:56,7,1,6
BRDA:60,8,0,6
BRDA:60,8,1,2
BRDA:60,8,2,2
BRDA:85,9,0,0
BRDA:85,9,1,1
BRDA:90,10,0,2
BRDA:90,10,1,1
BRDA:90,11,0,3
BRDA:90,11,1,3
BRDA:91,12,0,2
BRDA:91,12,1,1
BRDA:91,13,0,3
BRDA:91,13,1,1
BRDA:92,14,0,2
BRDA:92,14,1,1
BRDA:135,15,0,5
BRDA:135,15,1,0
BRDA:135,16,0,5
BRDA:135,16,1,2
BRDA:136,17,0,5
BRDA:136,17,1,0
BRDA:136,18,0,5
BRDA:136,18,1,2
BRDA:137,19,0,5
BRDA:137,19,1,0
BRDA:153,20,0,9
BRDA:153,20,1,11
BRDA:167,21,0,5
BRDA:167,21,1,0
BRF:45
BRH:35
end_of_record
TN:
SF:src/containers/Login.js
FN:7,(anonymous_0)
FN:18,(anonymous_1)
FN:30,(anonymous_2)
FN:34,(anonymous_3)
FN:43,(anonymous_4)
FN:54,(anonymous_5)
FN:56,(anonymous_6)
FN:65,(anonymous_7)
FN:71,(anonymous_8)
FN:80,(anonymous_9)
FN:90,(anonymous_10)
FNF:11
FNH:5
FNDA:4,(anonymous_0)
FNDA:2,(anonymous_1)
FNDA:0,(anonymous_2)
FNDA:2,(anonymous_3)
FNDA:2,(anonymous_4)
FNDA:0,(anonymous_5)
FNDA:2,(anonymous_6)
FNDA:0,(anonymous_7)
FNDA:0,(anonymous_8)
FNDA:0,(anonymous_9)
FNDA:0,(anonymous_10)
DA:3,4
DA:8,4
DA:9,4
DA:10,4
DA:11,4
DA:12,4
DA:13,4
DA:14,4
DA:15,4
DA:16,4
DA:18,4
DA:19,2
DA:20,2
DA:26,2
DA:27,2
DA:28,2
DA:31,0
DA:35,2
DA:36,2
DA:37,2
DA:38,2
DA:43,4
DA:44,2
DA:45,2
DA:51,2
DA:52,2
DA:54,0
DA:57,2
DA:58,2
DA:59,2
DA:60,2
DA:65,4
DA:66,0
DA:67,0
DA:72,0
DA:75,0
DA:80,4
DA:81,0
DA:82,0
DA:91,0
DA:92,0
DA:95,0
LF:42
LH:31
BRDA:66,0,0,0
BRDA:66,0,1,0
BRDA:81,1,0,0
BRDA:81,1,1,0
BRF:4
BRH:0
end_of_record
TN:
SF:src/containers/Logout.js
FN:4,(anonymous_0)
FN:11,(anonymous_1)
FNF:2
FNH:2
FNDA:22,(anonymous_0)
FNDA:2,(anonymous_1)
DA:5,22
DA:6,22
DA:7,22
DA:8,22
DA:11,22
DA:12,2
DA:13,2
LF:7
LH:7
BRF:0
BRH:0
end_of_record
TN:
SF:src/containers/NewBill.js
FN:5,(anonymous_0)
FN:18,(anonymous_1)
FN:52,(anonymous_2)
FN:56,(anonymous_3)
FN:61,(anonymous_4)
FN:82,(anonymous_5)
FN:87,(anonymous_6)
FN:90,(anonymous_7)
FNF:8
FNH:4
FNDA:3,(anonymous_0)
FNDA:6,(anonymous_1)
FNDA:0,(anonymous_2)
FNDA:0,(anonymous_3)
FNDA:5,(anonymous_4)
FNDA:5,(anonymous_5)
FNDA:0,(anonymous_6)
FNDA:0,(anonymous_7)
DA:6,3
DA:7,3
DA:8,3
DA:9,3
DA:10,3
DA:11,3
DA:12,3
DA:13,3
DA:14,3
DA:15,3
DA:16,3
DA:18,3
DA:20,6
DA:21,6
DA:22,6
DA:23,6
DA:24,6
DA:25,6
DA:26,6
DA:27,6
DA:28,6
DA:29,6
DA:30,6
DA:31,6
DA:32,6
DA:33,6
DA:35,0
DA:36,0
DA:37,0
DA:38,0
DA:39,0
DA:40,0
DA:41,0
DA:42,0
DA:44,0
DA:53,0
DA:54,0
DA:55,0
DA:56,0
DA:61,3
DA:62,5
DA:63,5
DA:64,5
DA:77,5
DA:78,5
DA:82,3
DA:83,5
DA:84,0
DA:88,0
DA:90,0
LF:50
LH:34
BRDA:29,0,0,6
BRDA:29,0,1,0
BRDA:71,1,0,5
BRDA:71,1,1,3
BRDA:83,2,0,0
BRDA:83,2,1,5
BRF:6
BRH:4
end_of_record
TN:
SF:src/views/Actions.js
FN:4,(anonymous_0)
FNF:1
FNH:1
FNDA:10,(anonymous_0)
DA:5,10
LF:1
LH:1
BRF:0
BRH:0
end_of_record
TN:
SF:src/views/BillsUI.js
FN:7,(anonymous_0)
FN:23,(anonymous_1)
FN:28,(anonymous_2)
FN:31,(anonymous_3)
FN:33,(anonymous_4)
FNF:5
FNH:5
FNDA:8,(anonymous_0)
FNDA:10,(anonymous_1)
FNDA:8,(anonymous_2)
FNDA:12,(anonymous_3)
FNDA:10,(anonymous_4)
DA:7,6
DA:9,8
DA:23,6
DA:28,10
DA:33,12
DA:50,12
DA:51,1
DA:52,11
DA:53,1
DA:56,10
LF:10
LH:10
BRDA:28,0,0,2
BRDA:28,0,1,8
BRDA:28,1,0,10
BRDA:28,1,1,3
BRDA:50,2,0,1
BRDA:50,2,1,11
BRDA:52,3,0,1
BRDA:52,3,1,10
BRF:8
BRH:8
end_of_record
TN:
SF:src/views/DashboardFormUI.js
FN:7,(anonymous_0)
FN:24,(anonymous_1)
FNF:2
FNH:2
FNDA:9,(anonymous_0)
FNDA:9,(anonymous_1)
DA:7,9
DA:26,9
LF:2
LH:2
BRDA:79,0,0,6
BRDA:79,0,1,3
BRDA:92,1,0,6
BRDA:92,1,1,3
BRF:4
BRH:4
end_of_record
TN:
SF:src/views/DashboardUI.js
FN:8,(anonymous_0)
FNF:1
FNH:1
FNDA:21,(anonymous_0)
DA:10,21
DA:11,6
DA:12,15
DA:13,3
DA:16,12
LF:5
LH:5
BRDA:10,0,0,6
BRDA:10,0,1,15
BRDA:12,1,0,3
BRDA:12,1,1,12
BRDA:22,2,0,12
BRDA:22,2,1,7
BRDA:29,3,0,12
BRDA:29,3,1,7
BRDA:36,4,0,12
BRDA:36,4,1,7
BRF:10
BRH:10
end_of_record
TN:
SF:src/views/ErrorPage.js
FN:3,(anonymous_0)
FNF:1
FNH:1
FNDA:6,(anonymous_0)
DA:4,6
LF:1
LH:1
BRDA:12,0,0,5
BRDA:12,0,1,1
BRF:2
BRH:2
end_of_record
TN:
SF:src/views/LoadingPage.js
FN:3,(anonymous_0)
FNF:1
FNH:1
FNDA:8,(anonymous_0)
DA:5,8
LF:1
LH:1
BRF:0
BRH:0
end_of_record
TN:
SF:src/views/LoginUI.js
FN:2,(anonymous_0)
FNF:1
FNH:1
FNDA:14,(anonymous_0)
DA:4,14
LF:1
LH:1
BRF:0
BRH:0
end_of_record
TN:
SF:src/views/NewBillUI.js
FN:3,(anonymous_0)
FNF:1
FNH:1
FNDA:6,(anonymous_0)
DA:5,6
LF:1
LH:1
BRF:0
BRH:0
end_of_record
TN:
SF:src/views/VerticalLayout.js
FN:5,(anonymous_0)
FNF:1
FNH:1
FNDA:43,(anonymous_0)
DA:7,43
DA:8,43
DA:9,31
DA:11,43
DA:12,15
DA:29,28
LF:6
LH:6
BRDA:8,0,0,31
BRDA:8,0,1,12
BRDA:11,1,0,15
BRDA:11,1,1,28
BRDA:11,2,0,43
BRDA:11,2,1,31
BRF:6
BRH:6
end_of_record
