TN:
SF:src/constants/routes.js
FN:13,(anonymous_0)
FNF:1
FNH:1
FNDA:41,(anonymous_0)
DA:6,6
DA:13,6
DA:14,41
DA:16,9
DA:18,16
DA:20,3
DA:22,12
DA:24,1
LF:8
LH:8
BRDA:14,0,0,9
BRDA:14,0,1,16
BRDA:14,0,2,3
BRDA:14,0,3,12
BRDA:14,0,4,1
BRF:5
BRH:5
end_of_record
TN:
SF:src/constants/usersTest.js
FNF:0
FNH:0
LF:0
LH:0
BRF:0
BRH:0
end_of_record
TN:
SF:src/containers/Bills.js
FN:6,(anonymous_0)
FN:13,(anonymous_1)
FN:14,(anonymous_2)
FN:19,(anonymous_3)
FN:23,(anonymous_4)
FN:34,(anonymous_5)
FN:40,(anonymous_6)
FN:41,(anonymous_7)
FN:44,(anonymous_8)
FNF:9
FNH:9
FNDA:8,(anonymous_0)
FNDA:12,(anonymous_1)
FNDA:1,(anonymous_2)
FNDA:2,(anonymous_3)
FNDA:1,(anonymous_4)
FNDA:5,(anonymous_5)
FNDA:2,(anonymous_6)
FNDA:12,(anonymous_7)
FNDA:8,(anonymous_8)
DA:7,8
DA:8,8
DA:9,8
DA:10,8
DA:11,8
DA:12,8
DA:13,8
DA:14,12
DA:16,8
DA:19,8
DA:20,2
DA:23,8
DA:24,1
DA:25,1
DA:26,1
DA:27,1
DA:34,8
DA:35,5
DA:36,5
DA:41,12
DA:42,2
DA:45,8
DA:46,8
DA:54,0
DA:55,0
DA:62,2
DA:63,2
LF:27
LH:25
BRDA:11,0,0,6
BRDA:11,0,1,2
BRDA:13,1,0,8
BRDA:13,1,1,0
BRDA:35,2,0,5
BRDA:35,2,1,0
BRDA:41,3,0,6
BRDA:41,3,1,6
BRDA:41,4,0,6
BRDA:41,4,1,0
BRF:10
BRH:7
end_of_record
TN:
SF:src/containers/Dashboard.js
FN:8,(anonymous_0)
FN:10,(anonymous_1)
FN:30,(anonymous_2)
FN:55,(anonymous_3)
FN:56,(anonymous_4)
FN:59,(anonymous_5)
FN:71,(anonymous_6)
FN:75,(anonymous_7)
FN:76,(anonymous_8)
FN:77,(anonymous_9)
FN:81,(anonymous_10)
FN:88,(anonymous_11)
FN:92,(anonymous_12)
FN:109,(anonymous_13)
FN:110,(anonymous_14)
FN:113,(anonymous_15)
FN:123,(anonymous_16)
FN:133,(anonymous_17)
FN:148,(anonymous_18)
FN:150,(anonymous_19)
FN:162,(anonymous_20)
FN:167,(anonymous_21)
FN:169,(anonymous_22)
FN:177,(anonymous_23)
FNF:24
FNH:19
FNDA:44,(anonymous_0)
FNDA:104,(anonymous_1)
FNDA:6,(anonymous_2)
FNDA:6,(anonymous_3)
FNDA:6,(anonymous_4)
FNDA:5,(anonymous_5)
FNDA:14,(anonymous_6)
FNDA:0,(anonymous_7)
FNDA:0,(anonymous_8)
FNDA:0,(anonymous_9)
FNDA:1,(anonymous_10)
FNDA:3,(anonymous_11)
FNDA:8,(anonymous_12)
FNDA:0,(anonymous_13)
FNDA:0,(anonymous_14)
FNDA:1,(anonymous_15)
FNDA:1,(anonymous_16)
FNDA:5,(anonymous_17)
FNDA:20,(anonymous_18)
FNDA:3,(anonymous_19)
FNDA:5,(anonymous_20)
FNDA:3,(anonymous_21)
FNDA:12,(anonymous_22)
FNDA:2,(anonymous_23)
DA:8,6
DA:9,44
DA:14,104
DA:15,104
DA:20,0
DA:21,0
DA:26,104
DA:30,6
DA:31,6
DA:32,6
DA:34,6
DA:37,6
DA:55,6
DA:56,6
DA:59,6
DA:60,5
DA:62,3
DA:64,1
DA:66,1
DA:72,14
DA:73,14
DA:74,14
DA:75,14
DA:76,14
DA:77,14
DA:78,14
DA:81,14
DA:82,1
DA:83,1
DA:84,1
DA:85,1
DA:89,3
DA:90,3
DA:91,3
DA:92,2
DA:93,8
DA:95,2
DA:96,2
DA:97,2
DA:98,2
DA:100,1
DA:102,1
DA:105,1
DA:106,1
DA:108,3
DA:109,3
DA:110,3
DA:113,14
DA:114,1
DA:119,1
DA:120,1
DA:123,14
DA:124,1
DA:129,1
DA:130,1
DA:134,5
DA:135,5
DA:136,5
DA:137,5
DA:138,5
DA:140,5
DA:142,0
DA:143,0
DA:145,0
DA:148,5
DA:149,20
DA:150,9
DA:151,3
DA:152,3
DA:162,14
DA:163,5
DA:164,5
DA:168,3
DA:169,12
DA:175,3
DA:178,2
LF:76
LH:71
BRDA:9,0,0,26
BRDA:9,0,1,18
BRDA:9,1,0,44
BRDA:9,1,1,26
BRDA:14,2,0,104
BRDA:14,2,1,0
BRDA:22,3,0,0
BRDA:22,3,1,0
BRDA:32,4,0,0
BRDA:32,4,1,6
BRDA:34,5,0,0
BRDA:34,5,1,6
BRDA:56,6,0,5
BRDA:56,6,1,1
BRDA:56,7,0,6
BRDA:56,7,1,6
BRDA:60,8,0,3
BRDA:60,8,1,1
BRDA:60,8,2,1
BRDA:85,9,0,0
BRDA:85,9,1,1
BRDA:89,10,0,2
BRDA:89,10,1,1
BRDA:89,11,0,3
BRDA:89,11,1,3
BRDA:90,12,0,2
BRDA:90,12,1,1
BRDA:90,13,0,3
BRDA:90,13,1,1
BRDA:91,14,0,2
BRDA:91,14,1,1
BRDA:134,15,0,5
BRDA:134,15,1,0
BRDA:134,16,0,5
BRDA:134,16,1,2
BRDA:135,17,0,5
BRDA:135,17,1,0
BRDA:135,18,0,5
BRDA:135,18,1,2
BRDA:136,19,0,5
BRDA:136,19,1,0
BRDA:149,20,0,9
BRDA:149,20,1,11
BRDA:163,21,0,5
BRDA:163,21,1,0
BRF:45
BRH:35
end_of_record
TN:
SF:src/containers/Login.js
FN:7,(anonymous_0)
FN:18,(anonymous_1)
FN:29,(anonymous_2)
FN:33,(anonymous_3)
FN:42,(anonymous_4)
FN:53,(anonymous_5)
FN:55,(anonymous_6)
FN:64,(anonymous_7)
FN:70,(anonymous_8)
FN:79,(anonymous_9)
FN:89,(anonymous_10)
FNF:11
FNH:5
FNDA:5,(anonymous_0)
FNDA:2,(anonymous_1)
FNDA:0,(anonymous_2)
FNDA:2,(anonymous_3)
FNDA:2,(anonymous_4)
FNDA:0,(anonymous_5)
FNDA:2,(anonymous_6)
FNDA:0,(anonymous_7)
FNDA:0,(anonymous_8)
FNDA:0,(anonymous_9)
FNDA:0,(anonymous_10)
DA:3,4
DA:8,5
DA:9,5
DA:10,5
DA:11,5
DA:12,5
DA:13,5
DA:14,5
DA:15,5
DA:16,5
DA:18,5
DA:19,2
DA:20,2
DA:26,2
DA:27,2
DA:30,0
DA:34,2
DA:35,2
DA:36,2
DA:37,2
DA:42,5
DA:43,2
DA:44,2
DA:50,2
DA:51,2
DA:53,0
DA:56,2
DA:57,2
DA:58,2
DA:59,2
DA:64,5
DA:65,0
DA:66,0
DA:71,0
DA:74,0
DA:79,5
DA:80,0
DA:81,0
DA:90,0
DA:91,0
DA:94,0
LF:41
LH:30
BRDA:65,0,0,0
BRDA:65,0,1,0
BRDA:80,1,0,0
BRDA:80,1,1,0
BRF:4
BRH:0
end_of_record
TN:
SF:src/containers/Logout.js
FN:4,(anonymous_0)
FN:11,(anonymous_1)
FNF:2
FNH:2
FNDA:26,(anonymous_0)
FNDA:2,(anonymous_1)
DA:5,26
DA:6,26
DA:7,26
DA:8,26
DA:11,26
DA:12,2
DA:13,2
LF:7
LH:7
BRF:0
BRH:0
end_of_record
TN:
SF:src/containers/NewBill.js
FN:5,(anonymous_0)
FN:18,(anonymous_1)
FN:48,(anonymous_2)
FN:52,(anonymous_3)
FN:57,(anonymous_4)
FN:78,(anonymous_5)
FN:83,(anonymous_6)
FN:86,(anonymous_7)
FNF:8
FNH:6
FNDA:3,(anonymous_0)
FNDA:3,(anonymous_1)
FNDA:2,(anonymous_2)
FNDA:0,(anonymous_3)
FNDA:3,(anonymous_4)
FNDA:3,(anonymous_5)
FNDA:3,(anonymous_6)
FNDA:0,(anonymous_7)
DA:6,3
DA:7,3
DA:8,3
DA:9,3
DA:10,3
DA:11,3
DA:12,3
DA:13,3
DA:14,3
DA:15,3
DA:16,3
DA:18,3
DA:19,3
DA:20,3
DA:21,3
DA:22,3
DA:23,3
DA:24,3
DA:25,3
DA:26,3
DA:27,3
DA:28,3
DA:29,1
DA:30,1
DA:31,1
DA:33,2
DA:34,2
DA:35,2
DA:36,2
DA:37,2
DA:38,2
DA:39,2
DA:40,2
DA:49,2
DA:50,2
DA:51,2
DA:52,0
DA:57,3
DA:58,3
DA:59,3
DA:60,3
DA:73,3
DA:74,3
DA:78,3
DA:79,3
DA:80,3
DA:84,3
DA:86,0
LF:48
LH:46
BRDA:28,0,0,1
BRDA:28,0,1,2
BRDA:67,1,0,3
BRDA:67,1,1,2
BRDA:79,2,0,3
BRDA:79,2,1,0
BRF:6
BRH:5
end_of_record
TN:
SF:src/views/Actions.js
FN:4,(anonymous_0)
FNF:1
FNH:1
FNDA:14,(anonymous_0)
DA:5,14
LF:1
LH:1
BRF:0
BRH:0
end_of_record
TN:
SF:src/views/BillsUI.js
FN:7,(anonymous_0)
FN:23,(anonymous_1)
FN:28,(anonymous_2)
FN:31,(anonymous_3)
FN:33,(anonymous_4)
FNF:5
FNH:5
FNDA:12,(anonymous_0)
FNDA:12,(anonymous_1)
FNDA:12,(anonymous_2)
FNDA:19,(anonymous_3)
FNDA:12,(anonymous_4)
DA:7,6
DA:9,12
DA:23,6
DA:28,12
DA:33,19
DA:50,19
DA:51,4
DA:52,15
DA:53,3
DA:56,12
LF:10
LH:10
BRDA:28,0,0,3
BRDA:28,0,1,9
BRDA:28,1,0,12
BRDA:28,1,1,4
BRDA:50,2,0,4
BRDA:50,2,1,15
BRDA:52,3,0,3
BRDA:52,3,1,12
BRF:8
BRH:8
end_of_record
TN:
SF:src/views/DashboardFormUI.js
FN:7,(anonymous_0)
FN:24,(anonymous_1)
FNF:2
FNH:2
FNDA:9,(anonymous_0)
FNDA:9,(anonymous_1)
DA:7,9
DA:26,9
LF:2
LH:2
BRDA:79,0,0,6
BRDA:79,0,1,3
BRDA:92,1,0,6
BRDA:92,1,1,3
BRF:4
BRH:4
end_of_record
TN:
SF:src/views/DashboardUI.js
FN:8,(anonymous_0)
FNF:1
FNH:1
FNDA:21,(anonymous_0)
DA:10,21
DA:11,6
DA:12,15
DA:13,3
DA:16,12
LF:5
LH:5
BRDA:10,0,0,6
BRDA:10,0,1,15
BRDA:12,1,0,3
BRDA:12,1,1,12
BRDA:22,2,0,12
BRDA:22,2,1,7
BRDA:29,3,0,12
BRDA:29,3,1,7
BRDA:36,4,0,12
BRDA:36,4,1,7
BRF:10
BRH:10
end_of_record
TN:
SF:src/views/ErrorPage.js
FN:3,(anonymous_0)
FNF:1
FNH:1
FNDA:8,(anonymous_0)
DA:4,8
LF:1
LH:1
BRDA:12,0,0,7
BRDA:12,0,1,1
BRF:2
BRH:2
end_of_record
TN:
SF:src/views/LoadingPage.js
FN:3,(anonymous_0)
FNF:1
FNH:1
FNDA:11,(anonymous_0)
DA:5,11
LF:1
LH:1
BRF:0
BRH:0
end_of_record
TN:
SF:src/views/LoginUI.js
FN:2,(anonymous_0)
FNF:1
FNH:1
FNDA:16,(anonymous_0)
DA:4,16
LF:1
LH:1
BRF:0
BRH:0
end_of_record
TN:
SF:src/views/NewBillUI.js
FN:3,(anonymous_0)
FNF:1
FNH:1
FNDA:5,(anonymous_0)
DA:5,5
LF:1
LH:1
BRF:0
BRH:0
end_of_record
TN:
SF:src/views/VerticalLayout.js
FN:5,(anonymous_0)
FNF:1
FNH:1
FNDA:49,(anonymous_0)
DA:7,49
DA:8,49
DA:9,37
DA:11,49
DA:12,21
DA:29,28
LF:6
LH:6
BRDA:8,0,0,37
BRDA:8,0,1,12
BRDA:11,1,0,21
BRDA:11,1,1,28
BRDA:11,2,0,49
BRDA:11,2,1,37
BRF:6
BRH:6
end_of_record
